Workflow defines that rule get_genome is eligible for caching between workflows (use the --cache argument to enable this).
Workflow defines that rule bwamem2_index is eligible for caching between workflows (use the --cache argument to enable this).
Building DAG of jobs...
MissingInputException in line 41 of /home/HDD1/jangjoowon/src/lumpy/Snakefile:
Missing input files for rule all:
called/BH12-1573_fq2.vcf
called/BH16-319_fq1.vcf
called/BH13-230_platform.vcf
called/BH13-230_sample.vcf
called/BH13-1741_fq2.vcf
called/BH12-1545_fq2.vcf
called/BH13-1741_platform.vcf
called/BH16-319_unit.vcf
called/BH12-1573_unit.vcf
called/BH13-230_fq1.vcf
called/BH13-1741_fq1.vcf
called/BH13-230_unit.vcf
called/BH12-1545_sample.vcf
called/BH13-230_fq2.vcf
called/BH16-319_platform.vcf
called/BH16-319_sample.vcf
called/BH12-1545_platform.vcf
called/BH12-1545_unit.vcf
called/BH13-1741_sample.vcf
called/BH12-1573_fq1.vcf
called/BH13-1741_unit.vcf
called/BH12-1545_fq1.vcf
called/BH12-1573_sample.vcf
called/BH16-319_fq2.vcf
called/BH12-1573_platform.vcf
