Building DAG of jobs...
Creating conda environment https:/github.com/snakemake/snakemake-wrappers/raw/0.73.0/bio/reference/ensembl-sequence/environment.yaml...
Downloading and installing remote packages.
Environment for ../../../../../tmp/tmpp2mhpt9v.yaml created (location: .snakemake/conda/e9d679687ef0c0203b3ac47d0db0b517)
Creating conda environment https:/github.com/snakemake/snakemake-wrappers/raw/0.73.0/bio/samtools/sort/environment.yaml...
Downloading and installing remote packages.
Environment for ../../../../../tmp/tmpz1v4av89.yaml created (location: .snakemake/conda/b72090bd06e0bea22c0247b346402d7c)
Creating conda environment https:/github.com/snakemake/snakemake-wrappers/raw/0.73.0/bio/bwa-mem2/mem-samblaster/environment.yaml...
Downloading and installing remote packages.
Environment for ../../../../../tmp/tmp_bwel2cu.yaml created (location: .snakemake/conda/b2cffa6a7f75f1c66f4bf487ef38c6e2)
Creating conda environment https:/github.com/snakemake/snakemake-wrappers/raw/0.73.0/bio/bwa-mem2/index/environment.yaml...
Downloading and installing remote packages.
Environment for ../../../../../tmp/tmpb7hpfbk2.yaml created (location: .snakemake/conda/0f26fa6777360d61ab1e8cfd6065adc5)
Using shell: /bin/bash
Provided cores: 40
Rules claiming more threads will be scaled down.
Job counts:
	count	jobs
	1	all
	1	bwamem2_index
	5	bwamem2_mem_samblaster
	5	discordant
	1	get_genome
	5	lumpy
	5	sort_discordant
	5	sort_splitter
	5	splitters
	33
Select jobs to execute...

[Thu Apr 22 23:53:23 2021]
rule get_genome:
    output: resources/genome.fasta
    log: logs/get-genome.log
    jobid: 4

Symlinking output file resources/genome.fasta from cache.
[Thu Apr 22 23:53:24 2021]
Finished job 4.
1 of 33 steps (3%) done
Select jobs to execute...

[Thu Apr 22 23:53:24 2021]
rule bwamem2_index:
    input: resources/genome.fasta
    output: resources/genome.fasta.0123, resources/genome.fasta.amb, resources/genome.fasta.ann, resources/genome.fasta.bwt.2bit.64, resources/genome.fasta.bwt.8bit.32, resources/genome.fasta.pac
    log: logs/bwamem2_index.log
    jobid: 3

Activating conda environment: /home/HDD1/jangjoowon/src/lumpy/.snakemake/conda/0f26fa6777360d61ab1e8cfd6065adc5
Moving output file resources/genome.fasta.0123 to cache.
Symlinking output file resources/genome.fasta.0123 from cache.
Moving output file resources/genome.fasta.amb to cache.
Symlinking output file resources/genome.fasta.amb from cache.
Moving output file resources/genome.fasta.ann to cache.
Symlinking output file resources/genome.fasta.ann from cache.
Moving output file resources/genome.fasta.bwt.2bit.64 to cache.
Symlinking output file resources/genome.fasta.bwt.2bit.64 from cache.
Moving output file resources/genome.fasta.bwt.8bit.32 to cache.
Symlinking output file resources/genome.fasta.bwt.8bit.32 from cache.
Moving output file resources/genome.fasta.pac to cache.
Symlinking output file resources/genome.fasta.pac from cache.
[Fri Apr 23 00:49:53 2021]
Finished job 3.
2 of 33 steps (6%) done
Select jobs to execute...

[Fri Apr 23 00:49:54 2021]
rule bwamem2_mem_samblaster:
    input: data/BH13_1741_R1.fastq.gz, data/BH13_1741_R2.fastq.gz, resources/genome.fasta.0123, resources/genome.fasta.amb, resources/genome.fasta.ann, resources/genome.fasta.bwt.2bit.64, resources/genome.fasta.bwt.8bit.32, resources/genome.fasta.pac
    output: bams/BH13-1741_1.bam
    log: logs/mem_samblaster_BH13-1741_1.log
    jobid: 22
    wildcards: sample=BH13-1741, unit=1
    threads: 20

[Fri Apr 23 00:49:54 2021]
rule bwamem2_mem_samblaster:
    input: data/BH13_230_R1.fastq.gz, data/BH13_230_R2.fastq.gz, resources/genome.fasta.0123, resources/genome.fasta.amb, resources/genome.fasta.ann, resources/genome.fasta.bwt.2bit.64, resources/genome.fasta.bwt.8bit.32, resources/genome.fasta.pac
    output: bams/BH13-230_1.bam
    log: logs/mem_samblaster_BH13-230_1.log
    jobid: 16
    wildcards: sample=BH13-230, unit=1
    threads: 20

Activating conda environment: /home/HDD1/jangjoowon/src/lumpy/.snakemake/conda/b2cffa6a7f75f1c66f4bf487ef38c6e2
Activating conda environment: /home/HDD1/jangjoowon/src/lumpy/.snakemake/conda/b2cffa6a7f75f1c66f4bf487ef38c6e2
[Fri Apr 23 00:50:24 2021]
Error in rule bwamem2_mem_samblaster:
[Fri Apr 23 00:50:24 2021]
    jobid: 16
Error in rule bwamem2_mem_samblaster:
    output: bams/BH13-230_1.bam
    jobid: 22
    log: logs/mem_samblaster_BH13-230_1.log (check log file(s) for error message)
    output: bams/BH13-1741_1.bam
    conda-env: /home/HDD1/jangjoowon/src/lumpy/.snakemake/conda/b2cffa6a7f75f1c66f4bf487ef38c6e2
    log: logs/mem_samblaster_BH13-1741_1.log (check log file(s) for error message)

    conda-env: /home/HDD1/jangjoowon/src/lumpy/.snakemake/conda/b2cffa6a7f75f1c66f4bf487ef38c6e2

RuleException:
CalledProcessError in line 85 of /home/HDD1/jangjoowon/src/lumpy/Snakefile:
Command 'source /home/HDD1/jangjoowon/anaconda3/bin/activate '/home/HDD1/jangjoowon/src/lumpy/.snakemake/conda/b2cffa6a7f75f1c66f4bf487ef38c6e2'; set -euo pipefail;  /home/HDD1/jangjoowon/anaconda3/envs/snakemake/bin/python3.9 /home/HDD1/jangjoowon/src/lumpy/.snakemake/scripts/tmp0sbck63k.wrapper.py' returned non-zero exit status 1.
  File "/home/HDD1/jangjoowon/anaconda3/envs/snakemake/lib/python3.9/site-packages/snakemake/executors/__init__.py", line 2326, in run_wrapper
  File "/home/HDD1/jangjoowon/src/lumpy/Snakefile", line 85, in __rule_bwamem2_mem_samblaster
  File "/home/HDD1/jangjoowon/anaconda3/envs/snakemake/lib/python3.9/site-packages/snakemake/executors/__init__.py", line 568, in _callback
  File "/home/HDD1/jangjoowon/anaconda3/envs/snakemake/lib/python3.9/concurrent/futures/thread.py", line 52, in run
  File "/home/HDD1/jangjoowon/anaconda3/envs/snakemake/lib/python3.9/site-packages/snakemake/executors/__init__.py", line 554, in cached_or_run
  File "/home/HDD1/jangjoowon/anaconda3/envs/snakemake/lib/python3.9/site-packages/snakemake/executors/__init__.py", line 2357, in run_wrapper
RuleException:
CalledProcessError in line 85 of /home/HDD1/jangjoowon/src/lumpy/Snakefile:
Command 'source /home/HDD1/jangjoowon/anaconda3/bin/activate '/home/HDD1/jangjoowon/src/lumpy/.snakemake/conda/b2cffa6a7f75f1c66f4bf487ef38c6e2'; set -euo pipefail;  /home/HDD1/jangjoowon/anaconda3/envs/snakemake/bin/python3.9 /home/HDD1/jangjoowon/src/lumpy/.snakemake/scripts/tmpuyqhjwh6.wrapper.py' returned non-zero exit status 1.
  File "/home/HDD1/jangjoowon/anaconda3/envs/snakemake/lib/python3.9/site-packages/snakemake/executors/__init__.py", line 2326, in run_wrapper
  File "/home/HDD1/jangjoowon/src/lumpy/Snakefile", line 85, in __rule_bwamem2_mem_samblaster
  File "/home/HDD1/jangjoowon/anaconda3/envs/snakemake/lib/python3.9/site-packages/snakemake/executors/__init__.py", line 568, in _callback
  File "/home/HDD1/jangjoowon/anaconda3/envs/snakemake/lib/python3.9/concurrent/futures/thread.py", line 52, in run
  File "/home/HDD1/jangjoowon/anaconda3/envs/snakemake/lib/python3.9/site-packages/snakemake/executors/__init__.py", line 554, in cached_or_run
  File "/home/HDD1/jangjoowon/anaconda3/envs/snakemake/lib/python3.9/site-packages/snakemake/executors/__init__.py", line 2357, in run_wrapper
Shutting down, this might take some time.
Exiting because a job execution failed. Look above for error message
Complete log: /home/HDD1/jangjoowon/src/lumpy/.snakemake/log/2021-04-22T235217.710115.snakemake.log
