Building DAG of jobs...
Using shell: /bin/bash
Provided cores: 40
Rules claiming more threads will be scaled down.
Job counts:
	count	jobs
	1	all
	5	bwamem2_mem_samblaster
	5	discordant
	5	lumpy
	5	sort_discordant
	5	sort_splitter
	5	splitters
	31
Select jobs to execute...

[Fri Apr 23 01:06:26 2021]
rule bwamem2_mem_samblaster:
    input: data/BH16_319_R1.fastq.gz, data/BH16_319_R2.fastq.gz, resources/genome.fasta.0123, resources/genome.fasta.amb, resources/genome.fasta.ann, resources/genome.fasta.bwt.2bit.64, resources/genome.fasta.bwt.8bit.32, resources/genome.fasta.pac
    output: bams/BH16-319_1.bam, bams/BH16-319_1.bam.bai
    log: logs/mem_samblaster_BH16-319_1.log
    jobid: 28
    wildcards: sample=BH16-319, unit=1
    threads: 20

[Fri Apr 23 01:06:26 2021]
rule bwamem2_mem_samblaster:
    input: data/BH13_1741_R1.fastq.gz, data/BH13_1741_R2.fastq.gz, resources/genome.fasta.0123, resources/genome.fasta.amb, resources/genome.fasta.ann, resources/genome.fasta.bwt.2bit.64, resources/genome.fasta.bwt.8bit.32, resources/genome.fasta.pac
    output: bams/BH13-1741_1.bam, bams/BH13-1741_1.bam.bai
    log: logs/mem_samblaster_BH13-1741_1.log
    jobid: 22
    wildcards: sample=BH13-1741, unit=1
    threads: 20

Activating conda environment: /home/HDD1/jangjoowon/src/lumpy/.snakemake/conda/b2cffa6a7f75f1c66f4bf487ef38c6e2
Activating conda environment: /home/HDD1/jangjoowon/src/lumpy/.snakemake/conda/b2cffa6a7f75f1c66f4bf487ef38c6e2
[Fri Apr 23 01:15:32 2021]
Finished job 28.
1 of 31 steps (3%) done
Select jobs to execute...

[Fri Apr 23 01:15:33 2021]
rule bwamem2_mem_samblaster:
    input: data/BH12_1545_R1.fastq.gz, data/BH12_1545_R2.fastq.gz, resources/genome.fasta.0123, resources/genome.fasta.amb, resources/genome.fasta.ann, resources/genome.fasta.bwt.2bit.64, resources/genome.fasta.bwt.8bit.32, resources/genome.fasta.pac
    output: bams/BH12-1545_1.bam, bams/BH12-1545_1.bam.bai
    log: logs/mem_samblaster_BH12-1545_1.log
    jobid: 2
    wildcards: sample=BH12-1545, unit=1
    threads: 20

Activating conda environment: /home/HDD1/jangjoowon/src/lumpy/.snakemake/conda/b2cffa6a7f75f1c66f4bf487ef38c6e2
[Fri Apr 23 01:15:53 2021]
Finished job 22.
2 of 31 steps (6%) done
Select jobs to execute...

[Fri Apr 23 01:15:53 2021]
rule bwamem2_mem_samblaster:
    input: data/BH13_230_R1.fastq.gz, data/BH13_230_R2.fastq.gz, resources/genome.fasta.0123, resources/genome.fasta.amb, resources/genome.fasta.ann, resources/genome.fasta.bwt.2bit.64, resources/genome.fasta.bwt.8bit.32, resources/genome.fasta.pac
    output: bams/BH13-230_1.bam, bams/BH13-230_1.bam.bai
    log: logs/mem_samblaster_BH13-230_1.log
    jobid: 16
    wildcards: sample=BH13-230, unit=1
    threads: 20

Activating conda environment: /home/HDD1/jangjoowon/src/lumpy/.snakemake/conda/b2cffa6a7f75f1c66f4bf487ef38c6e2
[Fri Apr 23 01:25:47 2021]
Finished job 16.
3 of 31 steps (10%) done
Select jobs to execute...

[Fri Apr 23 01:25:47 2021]
rule bwamem2_mem_samblaster:
    input: data/BH12_1573_R1.fastq.gz, data/BH12_1573_R2.fastq.gz, resources/genome.fasta.0123, resources/genome.fasta.amb, resources/genome.fasta.ann, resources/genome.fasta.bwt.2bit.64, resources/genome.fasta.bwt.8bit.32, resources/genome.fasta.pac
    output: bams/BH12-1573_1.bam, bams/BH12-1573_1.bam.bai
    log: logs/mem_samblaster_BH12-1573_1.log
    jobid: 10
    wildcards: sample=BH12-1573, unit=1
    threads: 20

Activating conda environment: /home/HDD1/jangjoowon/src/lumpy/.snakemake/conda/b2cffa6a7f75f1c66f4bf487ef38c6e2
[Fri Apr 23 01:26:00 2021]
Finished job 2.
4 of 31 steps (13%) done
Select jobs to execute...

[Fri Apr 23 01:26:00 2021]
rule splitters:
    input: bams/BH13-1741_1.bam
    output: bams/BH13-1741_1.splitter.unsorted.bam
    log: logs/splitter_BH13-1741_1.log
    jobid: 24
    wildcards: sample=BH13-1741, unit=1


[Fri Apr 23 01:26:00 2021]
rule discordant:
    input: bams/BH13-1741_1.bam
    output: bams/BH13-1741_1.discordants.unsorted.bam
    log: logs/discordant_BH13-1741_1.log
    jobid: 26
    wildcards: sample=BH13-1741, unit=1

[Fri Apr 23 01:26:00 2021]
rule discordant:
    input: bams/BH13-230_1.bam
    output: bams/BH13-230_1.discordants.unsorted.bam
    log: logs/discordant_BH13-230_1.log
    jobid: 20
    wildcards: sample=BH13-230, unit=1

[Fri Apr 23 01:26:00 2021]
rule splitters:
    input: bams/BH13-230_1.bam
    output: bams/BH13-230_1.splitter.unsorted.bam
    log: logs/splitter_BH13-230_1.log
    jobid: 18
    wildcards: sample=BH13-230, unit=1


[Fri Apr 23 01:26:00 2021]
rule splitters:
    input: bams/BH16-319_1.bam
    output: bams/BH16-319_1.splitter.unsorted.bam
    log: logs/splitter_BH16-319_1.log
    jobid: 30
    wildcards: sample=BH16-319, unit=1


[Fri Apr 23 01:26:00 2021]
rule discordant:
    input: bams/BH16-319_1.bam
    output: bams/BH16-319_1.discordants.unsorted.bam
    log: logs/discordant_BH16-319_1.log
    jobid: 32
    wildcards: sample=BH16-319, unit=1

[Fri Apr 23 01:26:00 2021]
rule splitters:
    input: bams/BH12-1545_1.bam
    output: bams/BH12-1545_1.splitter.unsorted.bam
    log: logs/splitter_BH12-1545_1.log
    jobid: 6
    wildcards: sample=BH12-1545, unit=1


[Fri Apr 23 01:26:00 2021]
rule discordant:
    input: bams/BH12-1545_1.bam
    output: bams/BH12-1545_1.discordants.unsorted.bam
    log: logs/discordant_BH12-1545_1.log
    jobid: 8
    wildcards: sample=BH12-1545, unit=1

Activating conda environment: /home/HDD1/jangjoowon/src/lumpy/.snakemake/conda/b72090bd06e0bea22c0247b346402d7c
Activating conda environment: /home/HDD1/jangjoowon/src/lumpy/.snakemake/conda/b72090bd06e0bea22c0247b346402d7c
Activating conda environment: /home/HDD1/jangjoowon/src/lumpy/.snakemake/conda/b72090bd06e0bea22c0247b346402d7c
Activating conda environment: /home/HDD1/jangjoowon/src/lumpy/.snakemake/conda/b72090bd06e0bea22c0247b346402d7c
[Fri Apr 23 01:26:15 2021]
Finished job 8.
5 of 31 steps (16%) done
Select jobs to execute...
[Fri Apr 23 01:26:15 2021]
Finished job 20.
6 of 31 steps (19%) done

[Fri Apr 23 01:26:15 2021]
rule sort_discordant:
    input: bams/BH12-1545_1.discordants.unsorted.bam
    output: bams/BH12-1545_1.discordants.bam
    log: logs/sort_discordant_BH12-1545_1.log
    jobid: 7
    wildcards: sample=BH12-1545, unit=1
    threads: 8

Select jobs to execute...
Activating conda environment: /home/HDD1/jangjoowon/src/lumpy/.snakemake/conda/b72090bd06e0bea22c0247b346402d7c
[Fri Apr 23 01:26:17 2021]
Finished job 32.
7 of 31 steps (23%) done
Select jobs to execute...
[Fri Apr 23 01:26:18 2021]
Finished job 7.
8 of 31 steps (26%) done
Select jobs to execute...

[Fri Apr 23 01:26:18 2021]
rule sort_discordant:
    input: bams/BH16-319_1.discordants.unsorted.bam
    output: bams/BH16-319_1.discordants.bam
    log: logs/sort_discordant_BH16-319_1.log
    jobid: 31
    wildcards: sample=BH16-319, unit=1
    threads: 8

Activating conda environment: /home/HDD1/jangjoowon/src/lumpy/.snakemake/conda/b72090bd06e0bea22c0247b346402d7c
[Fri Apr 23 01:26:20 2021]
Finished job 31.
9 of 31 steps (29%) done
Select jobs to execute...

[Fri Apr 23 01:26:20 2021]
rule sort_discordant:
    input: bams/BH13-230_1.discordants.unsorted.bam
    output: bams/BH13-230_1.discordants.bam
    log: logs/sort_discordant_BH13-230_1.log
    jobid: 19
    wildcards: sample=BH13-230, unit=1
    threads: 8

Activating conda environment: /home/HDD1/jangjoowon/src/lumpy/.snakemake/conda/b72090bd06e0bea22c0247b346402d7c
[Fri Apr 23 01:26:23 2021]
Finished job 19.
10 of 31 steps (32%) done
[Fri Apr 23 01:26:51 2021]
Finished job 30.
11 of 31 steps (35%) done
[Fri Apr 23 01:26:51 2021]
Finished job 6.
12 of 31 steps (39%) done
[Fri Apr 23 01:26:51 2021]
Finished job 18.
13 of 31 steps (42%) done
Select jobs to execute...

[Fri Apr 23 01:26:51 2021]
rule sort_splitter:
    input: bams/BH12-1545_1.splitter.unsorted.bam
    output: bams/BH12-1545_1.splitter.bam
    log: logs/sort_splitter_BH12-1545_1.log
    jobid: 5
    wildcards: sample=BH12-1545, unit=1
    threads: 8

[Fri Apr 23 01:26:51 2021]
rule sort_splitter:
    input: bams/BH16-319_1.splitter.unsorted.bam
    output: bams/BH16-319_1.splitter.bam
    log: logs/sort_splitter_BH16-319_1.log
    jobid: 29
    wildcards: sample=BH16-319, unit=1
    threads: 8

Select jobs to execute...
Select jobs to execute...
Activating conda environment: /home/HDD1/jangjoowon/src/lumpy/.snakemake/conda/b72090bd06e0bea22c0247b346402d7c
Activating conda environment: /home/HDD1/jangjoowon/src/lumpy/.snakemake/conda/b72090bd06e0bea22c0247b346402d7c
[Fri Apr 23 01:26:52 2021]
Finished job 29.
14 of 31 steps (45%) done
Select jobs to execute...
[Fri Apr 23 01:26:52 2021]
Finished job 5.
15 of 31 steps (48%) done

[Fri Apr 23 01:26:52 2021]
rule lumpy:
    input: bams/BH16-319_1.bam, bams/BH16-319_1.splitter.bam, bams/BH16-319_1.discordants.bam
    output: called/BH16-319_1.vcf
    log: logs/lumpy_BH16-319_1.log
    jobid: 27
    wildcards: sample=BH16-319, unit=1


[Fri Apr 23 01:26:52 2021]
rule sort_splitter:
    input: bams/BH13-230_1.splitter.unsorted.bam
    output: bams/BH13-230_1.splitter.bam
    log: logs/sort_splitter_BH13-230_1.log
    jobid: 17
    wildcards: sample=BH13-230, unit=1
    threads: 8

Select jobs to execute...

[Fri Apr 23 01:26:52 2021]
rule lumpy:
    input: bams/BH12-1545_1.bam, bams/BH12-1545_1.splitter.bam, bams/BH12-1545_1.discordants.bam
    output: called/BH12-1545_1.vcf
    log: logs/lumpy_BH12-1545_1.log
    jobid: 1
    wildcards: sample=BH12-1545, unit=1

Activating conda environment: /home/HDD1/jangjoowon/src/lumpy/.snakemake/conda/b72090bd06e0bea22c0247b346402d7c
[Fri Apr 23 01:26:53 2021]
Finished job 17.
16 of 31 steps (52%) done
Select jobs to execute...

[Fri Apr 23 01:26:53 2021]
rule lumpy:
    input: bams/BH13-230_1.bam, bams/BH13-230_1.splitter.bam, bams/BH13-230_1.discordants.bam
    output: called/BH13-230_1.vcf
    log: logs/lumpy_BH13-230_1.log
    jobid: 15
    wildcards: sample=BH13-230, unit=1

[Fri Apr 23 01:27:30 2021]
[Fri Apr 23 01:27:30 2021]
Error in rule lumpy:
[Fri Apr 23 01:27:30 2021]
Error in rule lumpy:
    jobid: 15
Error in rule lumpy:
    jobid: 27
    output: called/BH13-230_1.vcf
    jobid: 1
    output: called/BH16-319_1.vcf
    log: logs/lumpy_BH13-230_1.log (check log file(s) for error message)
    output: called/BH12-1545_1.vcf
    log: logs/lumpy_BH16-319_1.log (check log file(s) for error message)
    shell:
        bin/lumpyexpress -B bams/BH13-230_1.bam -S bams/BH13-230_1.splitter.bam -D bams/BH13-230_1.discordants.bam -o ../called/BH13-230_1.vcf
        (one of the commands exited with non-zero exit code; note that snakemake uses bash strict mode!)
    log: logs/lumpy_BH12-1545_1.log (check log file(s) for error message)
    shell:
        bin/lumpyexpress -B bams/BH16-319_1.bam -S bams/BH16-319_1.splitter.bam -D bams/BH16-319_1.discordants.bam -o ../called/BH16-319_1.vcf
        (one of the commands exited with non-zero exit code; note that snakemake uses bash strict mode!)

    shell:
        bin/lumpyexpress -B bams/BH12-1545_1.bam -S bams/BH12-1545_1.splitter.bam -D bams/BH12-1545_1.discordants.bam -o ../called/BH12-1545_1.vcf
        (one of the commands exited with non-zero exit code; note that snakemake uses bash strict mode!)


[Fri Apr 23 01:28:35 2021]
Finished job 24.
17 of 31 steps (55%) done
[Fri Apr 23 01:28:35 2021]
Finished job 26.
18 of 31 steps (58%) done
[Fri Apr 23 01:37:01 2021]
Finished job 10.
19 of 31 steps (61%) done
Shutting down, this might take some time.
Exiting because a job execution failed. Look above for error message
Complete log: /home/HDD1/jangjoowon/src/lumpy/.snakemake/log/2021-04-23T010620.707158.snakemake.log
