Building DAG of jobs...
Using shell: /bin/bash
Provided cores: 40
Rules claiming more threads will be scaled down.
Job counts:
	count	jobs
	1	all
	1	discordant
	5	lumpy
	2	sort_discordant
	2	sort_splitter
	1	splitters
	12
Select jobs to execute...

[Fri Apr 23 01:37:26 2021]
rule lumpy:
    input: bams/BH12-1545_1.bam, bams/BH12-1545_1.splitter.bam, bams/BH12-1545_1.discordants.bam
    output: called/BH12-1545_1.vcf
    log: logs/lumpy_BH12-1545_1.log
    jobid: 1
    wildcards: sample=BH12-1545, unit=1


[Fri Apr 23 01:37:26 2021]
rule discordant:
    input: bams/BH12-1573_1.bam
    output: bams/BH12-1573_1.discordants.unsorted.bam
    log: logs/discordant_BH12-1573_1.log
    jobid: 14
    wildcards: sample=BH12-1573, unit=1

[Fri Apr 23 01:37:26 2021]
rule sort_splitter:
    input: bams/BH13-1741_1.splitter.unsorted.bam
    output: bams/BH13-1741_1.splitter.bam
    log: logs/sort_splitter_BH13-1741_1.log
    jobid: 23
    wildcards: sample=BH13-1741, unit=1
    threads: 8

[Fri Apr 23 01:37:26 2021]
rule lumpy:
    input: bams/BH13-230_1.bam, bams/BH13-230_1.splitter.bam, bams/BH13-230_1.discordants.bam
    output: called/BH13-230_1.vcf
    log: logs/lumpy_BH13-230_1.log
    jobid: 15
    wildcards: sample=BH13-230, unit=1


[Fri Apr 23 01:37:26 2021]
rule lumpy:
    input: bams/BH16-319_1.bam, bams/BH16-319_1.splitter.bam, bams/BH16-319_1.discordants.bam
    output: called/BH16-319_1.vcf
    log: logs/lumpy_BH16-319_1.log
    jobid: 27
    wildcards: sample=BH16-319, unit=1


[Fri Apr 23 01:37:26 2021]
rule sort_discordant:
    input: bams/BH13-1741_1.discordants.unsorted.bam
    output: bams/BH13-1741_1.discordants.bam
    log: logs/sort_discordant_BH13-1741_1.log
    jobid: 25
    wildcards: sample=BH13-1741, unit=1
    threads: 8

[Fri Apr 23 01:37:26 2021]
rule splitters:
    input: bams/BH12-1573_1.bam
    output: bams/BH12-1573_1.splitter.unsorted.bam
    log: logs/splitter_BH12-1573_1.log
    jobid: 12
    wildcards: sample=BH12-1573, unit=1

Activating conda environment: /home/HDD1/jangjoowon/src/lumpy/.snakemake/conda/b72090bd06e0bea22c0247b346402d7c
Activating conda environment: /home/HDD1/jangjoowon/src/lumpy/.snakemake/conda/b72090bd06e0bea22c0247b346402d7c
Activating conda environment: /home/HDD1/jangjoowon/src/lumpy/.snakemake/conda/b72090bd06e0bea22c0247b346402d7c
[Fri Apr 23 01:37:28 2021]
Finished job 23.
1 of 12 steps (8%) done
[Fri Apr 23 01:37:29 2021]
Finished job 25.
2 of 12 steps (17%) done
Select jobs to execute...

[Fri Apr 23 01:37:29 2021]
rule lumpy:
    input: bams/BH13-1741_1.bam, bams/BH13-1741_1.splitter.bam, bams/BH13-1741_1.discordants.bam
    output: called/BH13-1741_1.vcf
    log: logs/lumpy_BH13-1741_1.log
    jobid: 21
    wildcards: sample=BH13-1741, unit=1

[Fri Apr 23 01:37:39 2021]
Finished job 14.
3 of 12 steps (25%) done
Select jobs to execute...

[Fri Apr 23 01:37:39 2021]
rule sort_discordant:
    input: bams/BH12-1573_1.discordants.unsorted.bam
    output: bams/BH12-1573_1.discordants.bam
    log: logs/sort_discordant_BH12-1573_1.log
    jobid: 13
    wildcards: sample=BH12-1573, unit=1
    threads: 8

Activating conda environment: /home/HDD1/jangjoowon/src/lumpy/.snakemake/conda/b72090bd06e0bea22c0247b346402d7c
[Fri Apr 23 01:37:40 2021]
Finished job 13.
4 of 12 steps (33%) done
[Fri Apr 23 01:37:58 2021]
Finished job 27.
5 of 12 steps (42%) done
[Fri Apr 23 01:38:00 2021]
Finished job 1.
6 of 12 steps (50%) done
[Fri Apr 23 01:38:00 2021]
Finished job 15.
7 of 12 steps (58%) done
[Fri Apr 23 01:38:02 2021]
Finished job 21.
8 of 12 steps (67%) done
[Fri Apr 23 01:38:10 2021]
Finished job 12.
9 of 12 steps (75%) done
Select jobs to execute...

[Fri Apr 23 01:38:10 2021]
rule sort_splitter:
    input: bams/BH12-1573_1.splitter.unsorted.bam
    output: bams/BH12-1573_1.splitter.bam
    log: logs/sort_splitter_BH12-1573_1.log
    jobid: 11
    wildcards: sample=BH12-1573, unit=1
    threads: 8

Activating conda environment: /home/HDD1/jangjoowon/src/lumpy/.snakemake/conda/b72090bd06e0bea22c0247b346402d7c
[Fri Apr 23 01:38:11 2021]
Finished job 11.
10 of 12 steps (83%) done
Select jobs to execute...

[Fri Apr 23 01:38:11 2021]
rule lumpy:
    input: bams/BH12-1573_1.bam, bams/BH12-1573_1.splitter.bam, bams/BH12-1573_1.discordants.bam
    output: called/BH12-1573_1.vcf
    log: logs/lumpy_BH12-1573_1.log
    jobid: 9
    wildcards: sample=BH12-1573, unit=1

Terminating processes on user request, this might take some time.
[Fri Apr 23 01:38:13 2021]
Error in rule lumpy:
    jobid: 9
    output: called/BH12-1573_1.vcf
    log: logs/lumpy_BH12-1573_1.log (check log file(s) for error message)
    shell:
        bin/lumpyexpress -B bams/BH12-1573_1.bam -S bams/BH12-1573_1.splitter.bam -D bams/BH12-1573_1.discordants.bam -o called/BH12-1573_1.vcf
        (one of the commands exited with non-zero exit code; note that snakemake uses bash strict mode!)

Complete log: /home/HDD1/jangjoowon/src/lumpy/.snakemake/log/2021-04-23T013721.501812.snakemake.log
