Building DAG of jobs...
Using shell: /bin/bash
Provided cores: 40
Rules claiming more threads will be scaled down.
Job counts:
	count	jobs
	1	all
	5	bwamem2_mem_samblaster
	5	discordant
	5	lumpy
	5	sort_discordant
	5	sort_splitter
	5	splitters
	31
Select jobs to execute...

[Fri Apr 23 00:54:01 2021]
rule bwamem2_mem_samblaster:
    input: data/BH16_319_R1.fastq.gz, data/BH16_319_R2.fastq.gz, resources/genome.fasta.0123, resources/genome.fasta.amb, resources/genome.fasta.ann, resources/genome.fasta.bwt.2bit.64, resources/genome.fasta.bwt.8bit.32, resources/genome.fasta.pac
    output: bams/BH16-319_1.bam, bams/BH16-319_1.bai
    log: logs/mem_samblaster_BH16-319_1.log
    jobid: 28
    wildcards: sample=BH16-319, unit=1
    threads: 20

[Fri Apr 23 00:54:01 2021]
rule bwamem2_mem_samblaster:
    input: data/BH13_1741_R1.fastq.gz, data/BH13_1741_R2.fastq.gz, resources/genome.fasta.0123, resources/genome.fasta.amb, resources/genome.fasta.ann, resources/genome.fasta.bwt.2bit.64, resources/genome.fasta.bwt.8bit.32, resources/genome.fasta.pac
    output: bams/BH13-1741_1.bam, bams/BH13-1741_1.bai
    log: logs/mem_samblaster_BH13-1741_1.log
    jobid: 22
    wildcards: sample=BH13-1741, unit=1
    threads: 20

Activating conda environment: /home/HDD1/jangjoowon/src/lumpy/.snakemake/conda/b2cffa6a7f75f1c66f4bf487ef38c6e2
Activating conda environment: /home/HDD1/jangjoowon/src/lumpy/.snakemake/conda/b2cffa6a7f75f1c66f4bf487ef38c6e2
Waiting at most 5 seconds for missing files.
MissingOutputException in line 71 of /home/HDD1/jangjoowon/src/lumpy/Snakefile:
Job Missing files after 5 seconds:
bams/BH16-319_1.bai
This might be due to filesystem latency. If that is the case, consider to increase the wait time with --latency-wait.
Job id: 28 completed successfully, but some output files are missing. 28
  File "/home/HDD1/jangjoowon/anaconda3/envs/snakemake/lib/python3.9/site-packages/snakemake/executors/__init__.py", line 583, in handle_job_success
  File "/home/HDD1/jangjoowon/anaconda3/envs/snakemake/lib/python3.9/site-packages/snakemake/executors/__init__.py", line 252, in handle_job_success
Removing output files of failed job bwamem2_mem_samblaster since they might be corrupted:
bams/BH16-319_1.bam
Waiting at most 5 seconds for missing files.
MissingOutputException in line 71 of /home/HDD1/jangjoowon/src/lumpy/Snakefile:
Job Missing files after 5 seconds:
bams/BH13-1741_1.bai
This might be due to filesystem latency. If that is the case, consider to increase the wait time with --latency-wait.
Job id: 22 completed successfully, but some output files are missing. 22
  File "/home/HDD1/jangjoowon/anaconda3/envs/snakemake/lib/python3.9/site-packages/snakemake/executors/__init__.py", line 583, in handle_job_success
  File "/home/HDD1/jangjoowon/anaconda3/envs/snakemake/lib/python3.9/site-packages/snakemake/executors/__init__.py", line 252, in handle_job_success
Removing output files of failed job bwamem2_mem_samblaster since they might be corrupted:
bams/BH13-1741_1.bam
Shutting down, this might take some time.
Exiting because a job execution failed. Look above for error message
Complete log: /home/HDD1/jangjoowon/src/lumpy/.snakemake/log/2021-04-23T005356.484491.snakemake.log
